[Tue Jun 20 13:23:17.769106 2017] [mpm_prefork:notice] [pid 231] AH00163: Apache/2.4.10 (Debian) OpenSSL/1.0.1t configured -- resuming normal operations
[Tue Jun 20 13:23:17.769271 2017] [core:notice] [pid 231] AH00094: Command line: '/usr/sbin/apache2'
[Tue Jun 20 13:28:12.975964 2017] [authz_core:error] [pid 235] [client ::1:52074] AH01630: client denied by server configuration: /var/www/html/src/
[Tue Jun 20 13:28:12.978634 2017] [authz_core:error] [pid 235] [client ::1:52074] AH01630: client denied by server configuration: /var/www/html/app/
[Tue Jun 20 13:33:13.127917 2017] [authz_core:error] [pid 236] [client ::1:52192] AH01630: client denied by server configuration: /var/www/html/src/
[Tue Jun 20 13:33:13.130332 2017] [authz_core:error] [pid 236] [client ::1:52192] AH01630: client denied by server configuration: /var/www/html/app/
[Tue Jun 20 13:38:13.281550 2017] [authz_core:error] [pid 237] [client ::1:52312] AH01630: client denied by server configuration: /var/www/html/src/
[Tue Jun 20 13:38:13.283961 2017] [authz_core:error] [pid 237] [client ::1:52312] AH01630: client denied by server configuration: /var/www/html/app/
[Tue Jun 20 13:43:13.427389 2017] [authz_core:error] [pid 238] [client ::1:52428] AH01630: client denied by server configuration: /var/www/html/src/
[Tue Jun 20 13:43:13.429903 2017] [authz_core:error] [pid 238] [client ::1:52428] AH01630: client denied by server configuration: /var/www/html/app/
[Tue Jun 20 13:48:13.571469 2017] [authz_core:error] [pid 239] [client ::1:52548] AH01630: client denied by server configuration: /var/www/html/src/
[Tue Jun 20 13:48:13.573949 2017] [authz_core:error] [pid 239] [client ::1:52548] AH01630: client denied by server configuration: /var/www/html/app/
[Tue Jun 20 13:53:13.840821 2017] [authz_core:error] [pid 235] [client ::1:52666] AH01630: client denied by server configuration: /var/www/html/src/
[Tue Jun 20 13:53:13.843224 2017] [authz_core:error] [pid 235] [client ::1:52666] AH01630: client denied by server configuration: /var/www/html/app/
[Tue Jun 20 14:10:30.804364 2017] [mpm_prefork:notice] [pid 231] AH00163: Apache/2.4.10 (Debian) OpenSSL/1.0.1t configured -- resuming normal operations
[Tue Jun 20 14:10:30.804475 2017] [core:notice] [pid 231] AH00094: Command line: '/usr/sbin/apache2'
[Tue Jun 20 14:15:27.332257 2017] [authz_core:error] [pid 235] [client ::1:53212] AH01630: client denied by server configuration: /var/www/html/src/
[Tue Jun 20 14:15:27.334779 2017] [authz_core:error] [pid 235] [client ::1:53212] AH01630: client denied by server configuration: /var/www/html/app/
[Tue Jun 20 14:20:27.480032 2017] [authz_core:error] [pid 236] [client ::1:53332] AH01630: client denied by server configuration: /var/www/html/src/
[Tue Jun 20 14:20:27.482616 2017] [authz_core:error] [pid 236] [client ::1:53332] AH01630: client denied by server configuration: /var/www/html/app/
[Tue Jun 20 14:25:27.631346 2017] [authz_core:error] [pid 237] [client ::1:53468] AH01630: client denied by server configuration: /var/www/html/src/
[Tue Jun 20 14:25:27.633793 2017] [authz_core:error] [pid 237] [client ::1:53468] AH01630: client denied by server configuration: /var/www/html/app/
[Tue Jun 20 14:30:27.779885 2017] [authz_core:error] [pid 238] [client ::1:53586] AH01630: client denied by server configuration: /var/www/html/src/
[Tue Jun 20 14:30:27.782317 2017] [authz_core:error] [pid 238] [client ::1:53586] AH01630: client denied by server configuration: /var/www/html/app/
[Tue Jun 20 14:35:27.928176 2017] [authz_core:error] [pid 239] [client ::1:53706] AH01630: client denied by server configuration: /var/www/html/src/
[Tue Jun 20 14:35:27.930713 2017] [authz_core:error] [pid 239] [client ::1:53706] AH01630: client denied by server configuration: /var/www/html/app/
[Tue Jun 20 14:40:28.074669 2017] [authz_core:error] [pid 238] [client ::1:53824] AH01630: client denied by server configuration: /var/www/html/src/
[Tue Jun 20 14:40:28.077038 2017] [authz_core:error] [pid 238] [client ::1:53824] AH01630: client denied by server configuration: /var/www/html/app/
[Tue Jun 20 14:45:28.231145 2017] [authz_core:error] [pid 235] [client ::1:53944] AH01630: client denied by server configuration: /var/www/html/src/
[Tue Jun 20 14:45:28.233629 2017] [authz_core:error] [pid 235] [client ::1:53944] AH01630: client denied by server configuration: /var/www/html/app/
[Tue Jun 20 14:50:28.377597 2017] [authz_core:error] [pid 239] [client ::1:54062] AH01630: client denied by server configuration: /var/www/html/src/
[Tue Jun 20 14:50:28.379962 2017] [authz_core:error] [pid 239] [client ::1:54062] AH01630: client denied by server configuration: /var/www/html/app/
[Tue Jun 20 14:55:28.526002 2017] [authz_core:error] [pid 236] [client ::1:54180] AH01630: client denied by server configuration: /var/www/html/src/
[Tue Jun 20 14:55:28.528362 2017] [authz_core:error] [pid 236] [client ::1:54180] AH01630: client denied by server configuration: /var/www/html/app/
[Tue Jun 20 15:00:28.673662 2017] [authz_core:error] [pid 239] [client ::1:54304] AH01630: client denied by server configuration: /var/www/html/src/
[Tue Jun 20 15:00:28.676018 2017] [authz_core:error] [pid 239] [client ::1:54304] AH01630: client denied by server configuration: /var/www/html/app/
[Tue Jun 20 15:05:37.430410 2017] [authz_core:error] [pid 235] [client ::1:54438] AH01630: client denied by server configuration: /var/www/html/src/
[Tue Jun 20 15:05:37.432764 2017] [authz_core:error] [pid 235] [client ::1:54438] AH01630: client denied by server configuration: /var/www/html/app/
[Tue Jun 20 15:10:31.860934 2017] [authz_core:error] [pid 237] [client ::1:54582] AH01630: client denied by server configuration: /var/www/html/src/
[Tue Jun 20 15:10:31.863355 2017] [authz_core:error] [pid 237] [client ::1:54582] AH01630: client denied by server configuration: /var/www/html/app/
[Tue Jun 20 15:15:32.050212 2017] [authz_core:error] [pid 238] [client ::1:54742] AH01630: client denied by server configuration: /var/www/html/src/
[Tue Jun 20 15:15:32.052575 2017] [authz_core:error] [pid 238] [client ::1:54742] AH01630: client denied by server configuration: /var/www/html/app/
[Tue Jun 20 15:20:32.670741 2017] [authz_core:error] [pid 239] [client ::1:54864] AH01630: client denied by server configuration: /var/www/html/src/
[Tue Jun 20 15:20:32.673180 2017] [authz_core:error] [pid 239] [client ::1:54864] AH01630: client denied by server configuration: /var/www/html/app/
[Tue Jun 20 15:25:32.851816 2017] [authz_core:error] [pid 238] [client ::1:54996] AH01630: client denied by server configuration: /var/www/html/src/
[Tue Jun 20 15:25:32.854418 2017] [authz_core:error] [pid 238] [client ::1:54996] AH01630: client denied by server configuration: /var/www/html/app/
[Tue Jun 20 15:30:33.128494 2017] [authz_core:error] [pid 236] [client ::1:55124] AH01630: client denied by server configuration: /var/www/html/src/
[Tue Jun 20 15:30:33.130897 2017] [authz_core:error] [pid 236] [client ::1:55124] AH01630: client denied by server configuration: /var/www/html/app/
[Tue Jun 20 15:35:33.770636 2017] [authz_core:error] [pid 235] [client ::1:55236] AH01630: client denied by server configuration: /var/www/html/src/
[Tue Jun 20 15:35:33.773011 2017] [authz_core:error] [pid 235] [client ::1:55236] AH01630: client denied by server configuration: /var/www/html/app/
[Tue Jun 20 15:40:33.943984 2017] [authz_core:error] [pid 237] [client ::1:55376] AH01630: client denied by server configuration: /var/www/html/src/
[Tue Jun 20 15:40:33.946515 2017] [authz_core:error] [pid 237] [client ::1:55376] AH01630: client denied by server configuration: /var/www/html/app/
[Tue Jun 20 15:45:34.291108 2017] [authz_core:error] [pid 239] [client ::1:55508] AH01630: client denied by server configuration: /var/www/html/src/
[Tue Jun 20 15:45:34.293510 2017] [authz_core:error] [pid 239] [client ::1:55508] AH01630: client denied by server configuration: /var/www/html/app/
[Tue Jun 20 15:50:34.438618 2017] [authz_core:error] [pid 238] [client ::1:55620] AH01630: client denied by server configuration: /var/www/html/src/
[Tue Jun 20 15:50:34.440987 2017] [authz_core:error] [pid 238] [client ::1:55620] AH01630: client denied by server configuration: /var/www/html/app/
[Tue Jun 20 15:55:34.643449 2017] [authz_core:error] [pid 235] [client ::1:55748] AH01630: client denied by server configuration: /var/www/html/src/
[Tue Jun 20 15:55:34.646589 2017] [authz_core:error] [pid 235] [client ::1:55748] AH01630: client denied by server configuration: /var/www/html/app/
[Tue Jun 20 16:00:35.168350 2017] [authz_core:error] [pid 238] [client ::1:55878] AH01630: client denied by server configuration: /var/www/html/src/
[Tue Jun 20 16:00:35.170793 2017] [authz_core:error] [pid 238] [client ::1:55878] AH01630: client denied by server configuration: /var/www/html/app/
[Tue Jun 20 16:05:35.674014 2017] [authz_core:error] [pid 237] [client ::1:55988] AH01630: client denied by server configuration: /var/www/html/src/
[Tue Jun 20 16:05:35.676458 2017] [authz_core:error] [pid 237] [client ::1:55988] AH01630: client denied by server configuration: /var/www/html/app/
[Tue Jun 20 16:10:36.472053 2017] [authz_core:error] [pid 239] [client ::1:56098] AH01630: client denied by server configuration: /var/www/html/src/
[Tue Jun 20 16:10:36.533819 2017] [authz_core:error] [pid 239] [client ::1:56098] AH01630: client denied by server configuration: /var/www/html/app/
[Tue Jun 20 16:15:38.555384 2017] [authz_core:error] [pid 236] [client ::1:56212] AH01630: client denied by server configuration: /var/www/html/src/
[Tue Jun 20 16:15:38.563287 2017] [authz_core:error] [pid 236] [client ::1:56212] AH01630: client denied by server configuration: /var/www/html/app/
[Tue Jun 20 16:20:39.832489 2017] [authz_core:error] [pid 235] [client ::1:56348] AH01630: client denied by server configuration: /var/www/html/src/
[Tue Jun 20 16:20:39.834942 2017] [authz_core:error] [pid 235] [client ::1:56348] AH01630: client denied by server configuration: /var/www/html/app/
[Tue Jun 20 16:25:44.158525 2017] [authz_core:error] [pid 238] [client ::1:56486] AH01630: client denied by server configuration: /var/www/html/src/
[Tue Jun 20 16:25:44.160989 2017] [authz_core:error] [pid 238] [client ::1:56486] AH01630: client denied by server configuration: /var/www/html/app/
[Tue Jun 20 16:30:43.026377 2017] [authz_core:error] [pid 239] [client ::1:56610] AH01630: client denied by server configuration: /var/www/html/src/
[Tue Jun 20 16:30:43.028871 2017] [authz_core:error] [pid 239] [client ::1:56610] AH01630: client denied by server configuration: /var/www/html/app/
[Tue Jun 20 16:35:43.306764 2017] [authz_core:error] [pid 236] [client ::1:56722] AH01630: client denied by server configuration: /var/www/html/src/
[Tue Jun 20 16:35:43.309121 2017] [authz_core:error] [pid 236] [client ::1:56722] AH01630: client denied by server configuration: /var/www/html/app/
[Tue Jun 20 16:40:45.498718 2017] [authz_core:error] [pid 238] [client ::1:56832] AH01630: client denied by server configuration: /var/www/html/src/
[Tue Jun 20 16:40:45.501072 2017] [authz_core:error] [pid 238] [client ::1:56832] AH01630: client denied by server configuration: /var/www/html/app/
[Tue Jun 20 16:45:45.776442 2017] [authz_core:error] [pid 235] [client ::1:56938] AH01630: client denied by server configuration: /var/www/html/src/
[Tue Jun 20 16:45:45.778902 2017] [authz_core:error] [pid 235] [client ::1:56938] AH01630: client denied by server configuration: /var/www/html/app/
[Tue Jun 20 16:50:46.185934 2017] [authz_core:error] [pid 237] [client ::1:57060] AH01630: client denied by server configuration: /var/www/html/src/
[Tue Jun 20 16:50:46.188303 2017] [authz_core:error] [pid 237] [client ::1:57060] AH01630: client denied by server configuration: /var/www/html/app/
[Tue Jun 20 16:55:46.332845 2017] [authz_core:error] [pid 239] [client ::1:57174] AH01630: client denied by server configuration: /var/www/html/src/
[Tue Jun 20 16:55:46.335509 2017] [authz_core:error] [pid 239] [client ::1:57174] AH01630: client denied by server configuration: /var/www/html/app/
[Tue Jun 20 17:00:46.482751 2017] [authz_core:error] [pid 236] [client ::1:57294] AH01630: client denied by server configuration: /var/www/html/src/
[Tue Jun 20 17:00:46.485101 2017] [authz_core:error] [pid 236] [client ::1:57294] AH01630: client denied by server configuration: /var/www/html/app/
[Tue Jun 20 17:05:46.631453 2017] [authz_core:error] [pid 235] [client ::1:57412] AH01630: client denied by server configuration: /var/www/html/src/
[Tue Jun 20 17:05:46.633830 2017] [authz_core:error] [pid 235] [client ::1:57412] AH01630: client denied by server configuration: /var/www/html/app/
[Tue Jun 20 17:10:46.846710 2017] [authz_core:error] [pid 237] [client ::1:57530] AH01630: client denied by server configuration: /var/www/html/src/
[Tue Jun 20 17:10:46.849150 2017] [authz_core:error] [pid 237] [client ::1:57530] AH01630: client denied by server configuration: /var/www/html/app/
[Tue Jun 20 17:11:43.447486 2017] [mpm_prefork:notice] [pid 229] AH00163: Apache/2.4.10 (Debian) OpenSSL/1.0.1t configured -- resuming normal operations
[Tue Jun 20 17:11:43.447601 2017] [core:notice] [pid 229] AH00094: Command line: '/usr/sbin/apache2'
[Tue Jun 20 17:16:33.185684 2017] [authz_core:error] [pid 233] [client ::1:57670] AH01630: client denied by server configuration: /var/www/html/src/
[Tue Jun 20 17:16:33.187910 2017] [authz_core:error] [pid 233] [client ::1:57670] AH01630: client denied by server configuration: /var/www/html/app/
[Tue Jun 20 17:21:33.331879 2017] [authz_core:error] [pid 234] [client ::1:57788] AH01630: client denied by server configuration: /var/www/html/src/
[Tue Jun 20 17:21:33.334170 2017] [authz_core:error] [pid 234] [client ::1:57788] AH01630: client denied by server configuration: /var/www/html/app/
[Tue Jun 20 17:26:33.479330 2017] [authz_core:error] [pid 235] [client ::1:57920] AH01630: client denied by server configuration: /var/www/html/src/
[Tue Jun 20 17:26:33.481565 2017] [authz_core:error] [pid 235] [client ::1:57920] AH01630: client denied by server configuration: /var/www/html/app/
[Tue Jun 20 17:31:33.724596 2017] [authz_core:error] [pid 236] [client ::1:58040] AH01630: client denied by server configuration: /var/www/html/src/
[Tue Jun 20 17:31:33.726853 2017] [authz_core:error] [pid 236] [client ::1:58040] AH01630: client denied by server configuration: /var/www/html/app/
[Tue Jun 20 17:36:34.051895 2017] [authz_core:error] [pid 237] [client ::1:58148] AH01630: client denied by server configuration: /var/www/html/src/
[Tue Jun 20 17:36:34.054314 2017] [authz_core:error] [pid 237] [client ::1:58148] AH01630: client denied by server configuration: /var/www/html/app/
[Tue Jun 20 17:41:34.255679 2017] [authz_core:error] [pid 233] [client ::1:58256] AH01630: client denied by server configuration: /var/www/html/src/
[Tue Jun 20 17:41:34.505878 2017] [authz_core:error] [pid 233] [client ::1:58256] AH01630: client denied by server configuration: /var/www/html/app/
[Tue Jun 20 17:46:34.646545 2017] [authz_core:error] [pid 234] [client ::1:58374] AH01630: client denied by server configuration: /var/www/html/src/
[Tue Jun 20 17:46:34.683470 2017] [authz_core:error] [pid 234] [client ::1:58374] AH01630: client denied by server configuration: /var/www/html/app/
[Tue Jun 20 17:51:34.920395 2017] [authz_core:error] [pid 235] [client ::1:58494] AH01630: client denied by server configuration: /var/www/html/src/
[Tue Jun 20 17:51:34.922633 2017] [authz_core:error] [pid 235] [client ::1:58494] AH01630: client denied by server configuration: /var/www/html/app/
[Tue Jun 20 17:56:35.067576 2017] [authz_core:error] [pid 236] [client ::1:58612] AH01630: client denied by server configuration: /var/www/html/src/
[Tue Jun 20 17:56:35.069788 2017] [authz_core:error] [pid 236] [client ::1:58612] AH01630: client denied by server configuration: /var/www/html/app/
[Tue Jun 20 18:01:35.211124 2017] [authz_core:error] [pid 237] [client ::1:58736] AH01630: client denied by server configuration: /var/www/html/src/
[Tue Jun 20 18:01:35.213361 2017] [authz_core:error] [pid 237] [client ::1:58736] AH01630: client denied by server configuration: /var/www/html/app/
[Tue Jun 20 18:06:35.363714 2017] [authz_core:error] [pid 234] [client ::1:58854] AH01630: client denied by server configuration: /var/www/html/src/
[Tue Jun 20 18:06:35.366011 2017] [authz_core:error] [pid 234] [client ::1:58854] AH01630: client denied by server configuration: /var/www/html/app/
[Tue Jun 20 18:11:35.513621 2017] [authz_core:error] [pid 233] [client ::1:58972] AH01630: client denied by server configuration: /var/www/html/src/
[Tue Jun 20 18:11:35.515858 2017] [authz_core:error] [pid 233] [client ::1:58972] AH01630: client denied by server configuration: /var/www/html/app/
[Tue Jun 20 18:16:35.741180 2017] [authz_core:error] [pid 235] [client ::1:59096] AH01630: client denied by server configuration: /var/www/html/src/
[Tue Jun 20 18:16:35.743454 2017] [authz_core:error] [pid 235] [client ::1:59096] AH01630: client denied by server configuration: /var/www/html/app/
[Tue Jun 20 18:21:35.911675 2017] [authz_core:error] [pid 234] [client ::1:59214] AH01630: client denied by server configuration: /var/www/html/src/
[Tue Jun 20 18:21:35.913864 2017] [authz_core:error] [pid 234] [client ::1:59214] AH01630: client denied by server configuration: /var/www/html/app/
[Tue Jun 20 18:26:36.062895 2017] [authz_core:error] [pid 236] [client ::1:59352] AH01630: client denied by server configuration: /var/www/html/src/
[Tue Jun 20 18:26:36.065025 2017] [authz_core:error] [pid 236] [client ::1:59352] AH01630: client denied by server configuration: /var/www/html/app/
[Tue Jun 20 18:31:36.211341 2017] [authz_core:error] [pid 237] [client ::1:59470] AH01630: client denied by server configuration: /var/www/html/src/
[Tue Jun 20 18:31:36.213687 2017] [authz_core:error] [pid 237] [client ::1:59470] AH01630: client denied by server configuration: /var/www/html/app/
[Tue Jun 20 18:36:36.359019 2017] [authz_core:error] [pid 233] [client ::1:59588] AH01630: client denied by server configuration: /var/www/html/src/
[Tue Jun 20 18:36:36.361574 2017] [authz_core:error] [pid 233] [client ::1:59588] AH01630: client denied by server configuration: /var/www/html/app/
[Tue Jun 20 18:41:36.610152 2017] [authz_core:error] [pid 237] [client ::1:59708] AH01630: client denied by server configuration: /var/www/html/src/
[Tue Jun 20 18:41:36.612341 2017] [authz_core:error] [pid 237] [client ::1:59708] AH01630: client denied by server configuration: /var/www/html/app/
[Tue Jun 20 18:46:36.754691 2017] [authz_core:error] [pid 235] [client ::1:59826] AH01630: client denied by server configuration: /var/www/html/src/
[Tue Jun 20 18:46:36.756830 2017] [authz_core:error] [pid 235] [client ::1:59826] AH01630: client denied by server configuration: /var/www/html/app/
[Tue Jun 20 18:51:36.908888 2017] [authz_core:error] [pid 234] [client ::1:59946] AH01630: client denied by server configuration: /var/www/html/src/
[Tue Jun 20 18:51:36.911270 2017] [authz_core:error] [pid 234] [client ::1:59946] AH01630: client denied by server configuration: /var/www/html/app/
[Tue Jun 20 18:56:37.055145 2017] [authz_core:error] [pid 237] [client ::1:60064] AH01630: client denied by server configuration: /var/www/html/src/
[Tue Jun 20 18:56:37.057347 2017] [authz_core:error] [pid 237] [client ::1:60064] AH01630: client denied by server configuration: /var/www/html/app/
[Tue Jun 20 19:01:37.209043 2017] [authz_core:error] [pid 236] [client ::1:60184] AH01630: client denied by server configuration: /var/www/html/src/
[Tue Jun 20 19:01:37.211753 2017] [authz_core:error] [pid 236] [client ::1:60184] AH01630: client denied by server configuration: /var/www/html/app/
[Tue Jun 20 19:06:37.443098 2017] [authz_core:error] [pid 233] [client ::1:60304] AH01630: client denied by server configuration: /var/www/html/src/
[Tue Jun 20 19:06:37.445314 2017] [authz_core:error] [pid 233] [client ::1:60304] AH01630: client denied by server configuration: /var/www/html/app/
[Tue Jun 20 19:11:37.586219 2017] [authz_core:error] [pid 235] [client ::1:60422] AH01630: client denied by server configuration: /var/www/html/src/
[Tue Jun 20 19:11:37.588360 2017] [authz_core:error] [pid 235] [client ::1:60422] AH01630: client denied by server configuration: /var/www/html/app/
[Tue Jun 20 19:16:37.742774 2017] [authz_core:error] [pid 234] [client ::1:60546] AH01630: client denied by server configuration: /var/www/html/src/
[Tue Jun 20 19:16:37.744948 2017] [authz_core:error] [pid 234] [client ::1:60546] AH01630: client denied by server configuration: /var/www/html/app/
[Tue Jun 20 19:21:37.889846 2017] [authz_core:error] [pid 236] [client ::1:60664] AH01630: client denied by server configuration: /var/www/html/src/
[Tue Jun 20 19:21:37.892003 2017] [authz_core:error] [pid 236] [client ::1:60664] AH01630: client denied by server configuration: /var/www/html/app/
[Tue Jun 20 19:26:38.040271 2017] [authz_core:error] [pid 237] [client ::1:60794] AH01630: client denied by server configuration: /var/www/html/src/
[Tue Jun 20 19:26:38.042537 2017] [authz_core:error] [pid 237] [client ::1:60794] AH01630: client denied by server configuration: /var/www/html/app/
[Tue Jun 20 19:31:38.283719 2017] [authz_core:error] [pid 233] [client ::1:60914] AH01630: client denied by server configuration: /var/www/html/src/
[Tue Jun 20 19:31:38.285933 2017] [authz_core:error] [pid 233] [client ::1:60914] AH01630: client denied by server configuration: /var/www/html/app/
[Tue Jun 20 19:36:38.438076 2017] [authz_core:error] [pid 235] [client ::1:32800] AH01630: client denied by server configuration: /var/www/html/src/
[Tue Jun 20 19:36:38.440216 2017] [authz_core:error] [pid 235] [client ::1:32800] AH01630: client denied by server configuration: /var/www/html/app/
[Tue Jun 20 19:41:38.578685 2017] [authz_core:error] [pid 234] [client ::1:32920] AH01630: client denied by server configuration: /var/www/html/src/
[Tue Jun 20 19:41:38.580828 2017] [authz_core:error] [pid 234] [client ::1:32920] AH01630: client denied by server configuration: /var/www/html/app/
[Tue Jun 20 19:46:38.730563 2017] [authz_core:error] [pid 236] [client ::1:33038] AH01630: client denied by server configuration: /var/www/html/src/
[Tue Jun 20 19:46:38.732767 2017] [authz_core:error] [pid 236] [client ::1:33038] AH01630: client denied by server configuration: /var/www/html/app/
[Tue Jun 20 19:51:38.874418 2017] [authz_core:error] [pid 237] [client ::1:33156] AH01630: client denied by server configuration: /var/www/html/src/
[Tue Jun 20 19:51:38.876580 2017] [authz_core:error] [pid 237] [client ::1:33156] AH01630: client denied by server configuration: /var/www/html/app/
[Tue Jun 20 19:56:39.021579 2017] [authz_core:error] [pid 233] [client ::1:33276] AH01630: client denied by server configuration: /var/www/html/src/
[Tue Jun 20 19:56:39.023740 2017] [authz_core:error] [pid 233] [client ::1:33276] AH01630: client denied by server configuration: /var/www/html/app/
[Tue Jun 20 20:01:39.170184 2017] [authz_core:error] [pid 235] [client ::1:33394] AH01630: client denied by server configuration: /var/www/html/src/
[Tue Jun 20 20:01:39.172364 2017] [authz_core:error] [pid 235] [client ::1:33394] AH01630: client denied by server configuration: /var/www/html/app/
[Tue Jun 20 20:06:39.314495 2017] [authz_core:error] [pid 237] [client ::1:33514] AH01630: client denied by server configuration: /var/www/html/src/
[Tue Jun 20 20:06:39.316650 2017] [authz_core:error] [pid 237] [client ::1:33514] AH01630: client denied by server configuration: /var/www/html/app/
[Tue Jun 20 20:11:39.462603 2017] [authz_core:error] [pid 234] [client ::1:33632] AH01630: client denied by server configuration: /var/www/html/src/
[Tue Jun 20 20:11:39.464760 2017] [authz_core:error] [pid 234] [client ::1:33632] AH01630: client denied by server configuration: /var/www/html/app/
[Tue Jun 20 20:16:39.610364 2017] [authz_core:error] [pid 236] [client ::1:33754] AH01630: client denied by server configuration: /var/www/html/src/
[Tue Jun 20 20:16:39.612517 2017] [authz_core:error] [pid 236] [client ::1:33754] AH01630: client denied by server configuration: /var/www/html/app/
[Tue Jun 20 20:21:39.757571 2017] [authz_core:error] [pid 233] [client ::1:33874] AH01630: client denied by server configuration: /var/www/html/src/
[Tue Jun 20 20:21:39.759758 2017] [authz_core:error] [pid 233] [client ::1:33874] AH01630: client denied by server configuration: /var/www/html/app/
[Tue Jun 20 20:26:39.899076 2017] [authz_core:error] [pid 235] [client ::1:34010] AH01630: client denied by server configuration: /var/www/html/src/
[Tue Jun 20 20:26:39.901221 2017] [authz_core:error] [pid 235] [client ::1:34010] AH01630: client denied by server configuration: /var/www/html/app/
[Tue Jun 20 20:31:40.050334 2017] [authz_core:error] [pid 234] [client ::1:34130] AH01630: client denied by server configuration: /var/www/html/src/
[Tue Jun 20 20:31:40.052512 2017] [authz_core:error] [pid 234] [client ::1:34130] AH01630: client denied by server configuration: /var/www/html/app/
[Tue Jun 20 20:36:40.198581 2017] [authz_core:error] [pid 237] [client ::1:34248] AH01630: client denied by server configuration: /var/www/html/src/
[Tue Jun 20 20:36:40.201093 2017] [authz_core:error] [pid 237] [client ::1:34248] AH01630: client denied by server configuration: /var/www/html/app/
[Tue Jun 20 20:41:40.343296 2017] [authz_core:error] [pid 236] [client ::1:34366] AH01630: client denied by server configuration: /var/www/html/src/
[Tue Jun 20 20:41:40.345495 2017] [authz_core:error] [pid 236] [client ::1:34366] AH01630: client denied by server configuration: /var/www/html/app/
[Tue Jun 20 20:46:40.498207 2017] [authz_core:error] [pid 233] [client ::1:34490] AH01630: client denied by server configuration: /var/www/html/src/
[Tue Jun 20 20:46:40.500346 2017] [authz_core:error] [pid 233] [client ::1:34490] AH01630: client denied by server configuration: /var/www/html/app/
[Tue Jun 20 20:51:40.646606 2017] [authz_core:error] [pid 234] [client ::1:34608] AH01630: client denied by server configuration: /var/www/html/src/
[Tue Jun 20 20:51:40.648760 2017] [authz_core:error] [pid 234] [client ::1:34608] AH01630: client denied by server configuration: /var/www/html/app/
[Tue Jun 20 20:56:40.798744 2017] [authz_core:error] [pid 237] [client ::1:34728] AH01630: client denied by server configuration: /var/www/html/src/
[Tue Jun 20 20:56:40.801150 2017] [authz_core:error] [pid 237] [client ::1:34728] AH01630: client denied by server configuration: /var/www/html/app/
[Tue Jun 20 21:01:40.964517 2017] [authz_core:error] [pid 234] [client ::1:34846] AH01630: client denied by server configuration: /var/www/html/src/
[Tue Jun 20 21:01:40.966739 2017] [authz_core:error] [pid 234] [client ::1:34846] AH01630: client denied by server configuration: /var/www/html/app/
[Tue Jun 20 21:06:41.112089 2017] [authz_core:error] [pid 235] [client ::1:34964] AH01630: client denied by server configuration: /var/www/html/src/
[Tue Jun 20 21:06:41.114340 2017] [authz_core:error] [pid 235] [client ::1:34964] AH01630: client denied by server configuration: /var/www/html/app/
[Tue Jun 20 21:11:41.413384 2017] [authz_core:error] [pid 236] [client ::1:35102] AH01630: client denied by server configuration: /var/www/html/src/
[Tue Jun 20 21:11:41.415691 2017] [authz_core:error] [pid 236] [client ::1:35102] AH01630: client denied by server configuration: /var/www/html/app/
[Tue Jun 20 21:16:41.591899 2017] [authz_core:error] [pid 233] [client ::1:35224] AH01630: client denied by server configuration: /var/www/html/src/
[Tue Jun 20 21:16:41.594188 2017] [authz_core:error] [pid 233] [client ::1:35224] AH01630: client denied by server configuration: /var/www/html/app/
[Tue Jun 20 21:21:41.752244 2017] [authz_core:error] [pid 237] [client ::1:35344] AH01630: client denied by server configuration: /var/www/html/src/
[Tue Jun 20 21:21:41.754662 2017] [authz_core:error] [pid 237] [client ::1:35344] AH01630: client denied by server configuration: /var/www/html/app/
[Tue Jun 20 21:26:41.898627 2017] [authz_core:error] [pid 234] [client ::1:35470] AH01630: client denied by server configuration: /var/www/html/src/
[Tue Jun 20 21:26:41.900777 2017] [authz_core:error] [pid 234] [client ::1:35470] AH01630: client denied by server configuration: /var/www/html/app/
[Tue Jun 20 21:31:42.047206 2017] [authz_core:error] [pid 236] [client ::1:35594] AH01630: client denied by server configuration: /var/www/html/src/
[Tue Jun 20 21:31:42.049385 2017] [authz_core:error] [pid 236] [client ::1:35594] AH01630: client denied by server configuration: /var/www/html/app/
[Tue Jun 20 21:36:42.191866 2017] [authz_core:error] [pid 235] [client ::1:35712] AH01630: client denied by server configuration: /var/www/html/src/
[Tue Jun 20 21:36:42.194333 2017] [authz_core:error] [pid 235] [client ::1:35712] AH01630: client denied by server configuration: /var/www/html/app/
[Tue Jun 20 21:41:42.335134 2017] [authz_core:error] [pid 233] [client ::1:35830] AH01630: client denied by server configuration: /var/www/html/src/
[Tue Jun 20 21:41:42.337322 2017] [authz_core:error] [pid 233] [client ::1:35830] AH01630: client denied by server configuration: /var/www/html/app/
[Tue Jun 20 21:46:42.487710 2017] [authz_core:error] [pid 234] [client ::1:35950] AH01630: client denied by server configuration: /var/www/html/src/
[Tue Jun 20 21:46:42.489982 2017] [authz_core:error] [pid 234] [client ::1:35950] AH01630: client denied by server configuration: /var/www/html/app/
[Tue Jun 20 21:51:42.639720 2017] [authz_core:error] [pid 236] [client ::1:36068] AH01630: client denied by server configuration: /var/www/html/src/
[Tue Jun 20 21:51:42.641947 2017] [authz_core:error] [pid 236] [client ::1:36068] AH01630: client denied by server configuration: /var/www/html/app/
[Tue Jun 20 21:56:42.787367 2017] [authz_core:error] [pid 237] [client ::1:36188] AH01630: client denied by server configuration: /var/www/html/src/
[Tue Jun 20 21:56:42.789591 2017] [authz_core:error] [pid 237] [client ::1:36188] AH01630: client denied by server configuration: /var/www/html/app/
[Tue Jun 20 22:01:42.935111 2017] [authz_core:error] [pid 235] [client ::1:36306] AH01630: client denied by server configuration: /var/www/html/src/
[Tue Jun 20 22:01:42.937491 2017] [authz_core:error] [pid 235] [client ::1:36306] AH01630: client denied by server configuration: /var/www/html/app/
[Tue Jun 20 22:06:43.086535 2017] [authz_core:error] [pid 234] [client ::1:36424] AH01630: client denied by server configuration: /var/www/html/src/
[Tue Jun 20 22:06:43.088691 2017] [authz_core:error] [pid 234] [client ::1:36424] AH01630: client denied by server configuration: /var/www/html/app/
[Tue Jun 20 22:11:43.231837 2017] [authz_core:error] [pid 236] [client ::1:36544] AH01630: client denied by server configuration: /var/www/html/src/
[Tue Jun 20 22:11:43.234056 2017] [authz_core:error] [pid 236] [client ::1:36544] AH01630: client denied by server configuration: /var/www/html/app/
[Tue Jun 20 22:16:43.375747 2017] [authz_core:error] [pid 235] [client ::1:36666] AH01630: client denied by server configuration: /var/www/html/src/
[Tue Jun 20 22:16:43.378023 2017] [authz_core:error] [pid 235] [client ::1:36666] AH01630: client denied by server configuration: /var/www/html/app/
[Tue Jun 20 22:21:43.523802 2017] [authz_core:error] [pid 237] [client ::1:36786] AH01630: client denied by server configuration: /var/www/html/src/
[Tue Jun 20 22:21:43.526056 2017] [authz_core:error] [pid 237] [client ::1:36786] AH01630: client denied by server configuration: /var/www/html/app/
[Tue Jun 20 22:26:43.668181 2017] [authz_core:error] [pid 235] [client ::1:36912] AH01630: client denied by server configuration: /var/www/html/src/
[Tue Jun 20 22:26:43.670431 2017] [authz_core:error] [pid 235] [client ::1:36912] AH01630: client denied by server configuration: /var/www/html/app/
[Tue Jun 20 22:31:43.811764 2017] [authz_core:error] [pid 236] [client ::1:37040] AH01630: client denied by server configuration: /var/www/html/src/
[Tue Jun 20 22:31:43.813988 2017] [authz_core:error] [pid 236] [client ::1:37040] AH01630: client denied by server configuration: /var/www/html/app/
[Tue Jun 20 22:36:43.958089 2017] [authz_core:error] [pid 233] [client ::1:37160] AH01630: client denied by server configuration: /var/www/html/src/
[Tue Jun 20 22:36:43.960256 2017] [authz_core:error] [pid 233] [client ::1:37160] AH01630: client denied by server configuration: /var/www/html/app/
[Tue Jun 20 22:41:44.103229 2017] [authz_core:error] [pid 235] [client ::1:37278] AH01630: client denied by server configuration: /var/www/html/src/
[Tue Jun 20 22:41:44.105458 2017] [authz_core:error] [pid 235] [client ::1:37278] AH01630: client denied by server configuration: /var/www/html/app/
[Tue Jun 20 22:46:44.248100 2017] [authz_core:error] [pid 234] [client ::1:37406] AH01630: client denied by server configuration: /var/www/html/src/
[Tue Jun 20 22:46:44.250312 2017] [authz_core:error] [pid 234] [client ::1:37406] AH01630: client denied by server configuration: /var/www/html/app/
[Tue Jun 20 22:51:44.387892 2017] [authz_core:error] [pid 236] [client ::1:37536] AH01630: client denied by server configuration: /var/www/html/src/
[Tue Jun 20 22:51:44.390093 2017] [authz_core:error] [pid 236] [client ::1:37536] AH01630: client denied by server configuration: /var/www/html/app/
[Tue Jun 20 22:56:44.538191 2017] [authz_core:error] [pid 233] [client ::1:37662] AH01630: client denied by server configuration: /var/www/html/src/
[Tue Jun 20 22:56:44.540342 2017] [authz_core:error] [pid 233] [client ::1:37662] AH01630: client denied by server configuration: /var/www/html/app/
[Tue Jun 20 23:01:44.684226 2017] [authz_core:error] [pid 236] [client ::1:37794] AH01630: client denied by server configuration: /var/www/html/src/
[Tue Jun 20 23:01:44.686571 2017] [authz_core:error] [pid 236] [client ::1:37794] AH01630: client denied by server configuration: /var/www/html/app/
[Tue Jun 20 23:06:44.831068 2017] [authz_core:error] [pid 237] [client ::1:37920] AH01630: client denied by server configuration: /var/www/html/src/
[Tue Jun 20 23:06:44.833211 2017] [authz_core:error] [pid 237] [client ::1:37920] AH01630: client denied by server configuration: /var/www/html/app/
[Tue Jun 20 23:11:44.979135 2017] [authz_core:error] [pid 233] [client ::1:38052] AH01630: client denied by server configuration: /var/www/html/src/
[Tue Jun 20 23:11:44.981306 2017] [authz_core:error] [pid 233] [client ::1:38052] AH01630: client denied by server configuration: /var/www/html/app/
[Tue Jun 20 23:16:45.127117 2017] [authz_core:error] [pid 235] [client ::1:38182] AH01630: client denied by server configuration: /var/www/html/src/
[Tue Jun 20 23:16:45.129301 2017] [authz_core:error] [pid 235] [client ::1:38182] AH01630: client denied by server configuration: /var/www/html/app/
[Tue Jun 20 23:21:45.273133 2017] [authz_core:error] [pid 234] [client ::1:38312] AH01630: client denied by server configuration: /var/www/html/src/
[Tue Jun 20 23:21:45.275335 2017] [authz_core:error] [pid 234] [client ::1:38312] AH01630: client denied by server configuration: /var/www/html/app/
[Tue Jun 20 23:26:45.415873 2017] [authz_core:error] [pid 236] [client ::1:38438] AH01630: client denied by server configuration: /var/www/html/src/
[Tue Jun 20 23:26:45.418103 2017] [authz_core:error] [pid 236] [client ::1:38438] AH01630: client denied by server configuration: /var/www/html/app/
[Tue Jun 20 23:31:45.575370 2017] [authz_core:error] [pid 237] [client ::1:38562] AH01630: client denied by server configuration: /var/www/html/src/
[Tue Jun 20 23:31:45.577749 2017] [authz_core:error] [pid 237] [client ::1:38562] AH01630: client denied by server configuration: /var/www/html/app/
[Tue Jun 20 23:36:45.728046 2017] [authz_core:error] [pid 233] [client ::1:38682] AH01630: client denied by server configuration: /var/www/html/src/
[Tue Jun 20 23:36:45.730272 2017] [authz_core:error] [pid 233] [client ::1:38682] AH01630: client denied by server configuration: /var/www/html/app/
[Tue Jun 20 23:41:45.874772 2017] [authz_core:error] [pid 237] [client ::1:38800] AH01630: client denied by server configuration: /var/www/html/src/
[Tue Jun 20 23:41:45.876914 2017] [authz_core:error] [pid 237] [client ::1:38800] AH01630: client denied by server configuration: /var/www/html/app/
[Tue Jun 20 23:46:46.023488 2017] [authz_core:error] [pid 235] [client ::1:38918] AH01630: client denied by server configuration: /var/www/html/src/
[Tue Jun 20 23:46:46.025780 2017] [authz_core:error] [pid 235] [client ::1:38918] AH01630: client denied by server configuration: /var/www/html/app/
[Tue Jun 20 23:51:46.175658 2017] [authz_core:error] [pid 234] [client ::1:39038] AH01630: client denied by server configuration: /var/www/html/src/
[Tue Jun 20 23:51:46.177914 2017] [authz_core:error] [pid 234] [client ::1:39038] AH01630: client denied by server configuration: /var/www/html/app/
[Tue Jun 20 23:56:46.322354 2017] [authz_core:error] [pid 233] [client ::1:39158] AH01630: client denied by server configuration: /var/www/html/src/
[Tue Jun 20 23:56:46.324506 2017] [authz_core:error] [pid 233] [client ::1:39158] AH01630: client denied by server configuration: /var/www/html/app/
[Wed Jun 21 00:01:46.466198 2017] [authz_core:error] [pid 236] [client ::1:39282] AH01630: client denied by server configuration: /var/www/html/src/
[Wed Jun 21 00:01:46.468371 2017] [authz_core:error] [pid 236] [client ::1:39282] AH01630: client denied by server configuration: /var/www/html/app/
[Wed Jun 21 00:06:46.608176 2017] [authz_core:error] [pid 237] [client ::1:39400] AH01630: client denied by server configuration: /var/www/html/src/
[Wed Jun 21 00:06:46.610420 2017] [authz_core:error] [pid 237] [client ::1:39400] AH01630: client denied by server configuration: /var/www/html/app/
[Wed Jun 21 00:11:46.755857 2017] [authz_core:error] [pid 235] [client ::1:39518] AH01630: client denied by server configuration: /var/www/html/src/
[Wed Jun 21 00:11:46.758060 2017] [authz_core:error] [pid 235] [client ::1:39518] AH01630: client denied by server configuration: /var/www/html/app/
[Wed Jun 21 00:16:46.902932 2017] [authz_core:error] [pid 234] [client ::1:39642] AH01630: client denied by server configuration: /var/www/html/src/
[Wed Jun 21 00:16:46.905077 2017] [authz_core:error] [pid 234] [client ::1:39642] AH01630: client denied by server configuration: /var/www/html/app/
[Wed Jun 21 00:21:47.047873 2017] [authz_core:error] [pid 233] [client ::1:39760] AH01630: client denied by server configuration: /var/www/html/src/
[Wed Jun 21 00:21:47.050148 2017] [authz_core:error] [pid 233] [client ::1:39760] AH01630: client denied by server configuration: /var/www/html/app/
[Wed Jun 21 00:26:47.195483 2017] [authz_core:error] [pid 234] [client ::1:39886] AH01630: client denied by server configuration: /var/www/html/src/
[Wed Jun 21 00:26:47.197767 2017] [authz_core:error] [pid 234] [client ::1:39886] AH01630: client denied by server configuration: /var/www/html/app/
[Wed Jun 21 00:31:47.338797 2017] [authz_core:error] [pid 236] [client ::1:40016] AH01630: client denied by server configuration: /var/www/html/src/
[Wed Jun 21 00:31:47.340927 2017] [authz_core:error] [pid 236] [client ::1:40016] AH01630: client denied by server configuration: /var/www/html/app/
[Wed Jun 21 00:36:47.483489 2017] [authz_core:error] [pid 237] [client ::1:40134] AH01630: client denied by server configuration: /var/www/html/src/
[Wed Jun 21 00:36:47.485855 2017] [authz_core:error] [pid 237] [client ::1:40134] AH01630: client denied by server configuration: /var/www/html/app/
[Wed Jun 21 00:41:47.623288 2017] [authz_core:error] [pid 235] [client ::1:40254] AH01630: client denied by server configuration: /var/www/html/src/
[Wed Jun 21 00:41:47.625562 2017] [authz_core:error] [pid 235] [client ::1:40254] AH01630: client denied by server configuration: /var/www/html/app/
[Wed Jun 21 00:46:47.773933 2017] [authz_core:error] [pid 233] [client ::1:40376] AH01630: client denied by server configuration: /var/www/html/src/
[Wed Jun 21 00:46:47.776086 2017] [authz_core:error] [pid 233] [client ::1:40376] AH01630: client denied by server configuration: /var/www/html/app/
[Wed Jun 21 00:51:47.915476 2017] [authz_core:error] [pid 234] [client ::1:40496] AH01630: client denied by server configuration: /var/www/html/src/
[Wed Jun 21 00:51:47.917828 2017] [authz_core:error] [pid 234] [client ::1:40496] AH01630: client denied by server configuration: /var/www/html/app/
[Wed Jun 21 00:56:48.066773 2017] [authz_core:error] [pid 236] [client ::1:40614] AH01630: client denied by server configuration: /var/www/html/src/
[Wed Jun 21 00:56:48.068926 2017] [authz_core:error] [pid 236] [client ::1:40614] AH01630: client denied by server configuration: /var/www/html/app/
[Wed Jun 21 01:01:48.270656 2017] [authz_core:error] [pid 237] [client ::1:40752] AH01630: client denied by server configuration: /var/www/html/src/
[Wed Jun 21 01:01:48.273129 2017] [authz_core:error] [pid 237] [client ::1:40752] AH01630: client denied by server configuration: /var/www/html/app/
[Wed Jun 21 01:06:48.420538 2017] [authz_core:error] [pid 236] [client ::1:40872] AH01630: client denied by server configuration: /var/www/html/src/
[Wed Jun 21 01:06:48.422776 2017] [authz_core:error] [pid 236] [client ::1:40872] AH01630: client denied by server configuration: /var/www/html/app/
[Wed Jun 21 01:11:48.567497 2017] [authz_core:error] [pid 235] [client ::1:40990] AH01630: client denied by server configuration: /var/www/html/src/
[Wed Jun 21 01:11:48.569870 2017] [authz_core:error] [pid 235] [client ::1:40990] AH01630: client denied by server configuration: /var/www/html/app/
[Wed Jun 21 01:16:48.719974 2017] [authz_core:error] [pid 233] [client ::1:41112] AH01630: client denied by server configuration: /var/www/html/src/
[Wed Jun 21 01:16:48.722246 2017] [authz_core:error] [pid 233] [client ::1:41112] AH01630: client denied by server configuration: /var/www/html/app/
[Wed Jun 21 01:21:48.863293 2017] [authz_core:error] [pid 234] [client ::1:41234] AH01630: client denied by server configuration: /var/www/html/src/
[Wed Jun 21 01:21:48.865546 2017] [authz_core:error] [pid 234] [client ::1:41234] AH01630: client denied by server configuration: /var/www/html/app/
[Wed Jun 21 01:26:49.007697 2017] [authz_core:error] [pid 237] [client ::1:41358] AH01630: client denied by server configuration: /var/www/html/src/
[Wed Jun 21 01:26:49.009935 2017] [authz_core:error] [pid 237] [client ::1:41358] AH01630: client denied by server configuration: /var/www/html/app/
[Wed Jun 21 01:31:49.175018 2017] [authz_core:error] [pid 234] [client ::1:41484] AH01630: client denied by server configuration: /var/www/html/src/
[Wed Jun 21 01:31:49.177171 2017] [authz_core:error] [pid 234] [client ::1:41484] AH01630: client denied by server configuration: /var/www/html/app/
[Wed Jun 21 01:36:49.322272 2017] [authz_core:error] [pid 236] [client ::1:41602] AH01630: client denied by server configuration: /var/www/html/src/
[Wed Jun 21 01:36:49.324446 2017] [authz_core:error] [pid 236] [client ::1:41602] AH01630: client denied by server configuration: /var/www/html/app/
[Wed Jun 21 01:41:49.469586 2017] [authz_core:error] [pid 235] [client ::1:41720] AH01630: client denied by server configuration: /var/www/html/src/
[Wed Jun 21 01:41:49.471777 2017] [authz_core:error] [pid 235] [client ::1:41720] AH01630: client denied by server configuration: /var/www/html/app/
[Wed Jun 21 01:46:49.619585 2017] [authz_core:error] [pid 233] [client ::1:41840] AH01630: client denied by server configuration: /var/www/html/src/
[Wed Jun 21 01:46:49.621785 2017] [authz_core:error] [pid 233] [client ::1:41840] AH01630: client denied by server configuration: /var/www/html/app/
[Wed Jun 21 01:51:49.770966 2017] [authz_core:error] [pid 237] [client ::1:41958] AH01630: client denied by server configuration: /var/www/html/src/
[Wed Jun 21 01:51:49.773119 2017] [authz_core:error] [pid 237] [client ::1:41958] AH01630: client denied by server configuration: /var/www/html/app/
[Wed Jun 21 01:56:49.918620 2017] [authz_core:error] [pid 234] [client ::1:42084] AH01630: client denied by server configuration: /var/www/html/src/
[Wed Jun 21 01:56:49.920912 2017] [authz_core:error] [pid 234] [client ::1:42084] AH01630: client denied by server configuration: /var/www/html/app/
[Wed Jun 21 02:01:50.153074 2017] [authz_core:error] [pid 1080] [client ::1:42204] AH01630: client denied by server configuration: /var/www/html/src/
[Wed Jun 21 02:01:50.155343 2017] [authz_core:error] [pid 1080] [client ::1:42204] AH01630: client denied by server configuration: /var/www/html/app/
[Wed Jun 21 02:06:50.301839 2017] [authz_core:error] [pid 236] [client ::1:42322] AH01630: client denied by server configuration: /var/www/html/src/
[Wed Jun 21 02:06:50.303995 2017] [authz_core:error] [pid 236] [client ::1:42322] AH01630: client denied by server configuration: /var/www/html/app/
[Wed Jun 21 02:11:50.448789 2017] [authz_core:error] [pid 234] [client ::1:42442] AH01630: client denied by server configuration: /var/www/html/src/
[Wed Jun 21 02:11:50.451055 2017] [authz_core:error] [pid 234] [client ::1:42442] AH01630: client denied by server configuration: /var/www/html/app/
[Wed Jun 21 02:16:50.590211 2017] [authz_core:error] [pid 235] [client ::1:42564] AH01630: client denied by server configuration: /var/www/html/src/
[Wed Jun 21 02:16:50.592395 2017] [authz_core:error] [pid 235] [client ::1:42564] AH01630: client denied by server configuration: /var/www/html/app/
[Wed Jun 21 02:21:50.747069 2017] [authz_core:error] [pid 233] [client ::1:42682] AH01630: client denied by server configuration: /var/www/html/src/
[Wed Jun 21 02:21:50.749225 2017] [authz_core:error] [pid 233] [client ::1:42682] AH01630: client denied by server configuration: /var/www/html/app/
[Wed Jun 21 02:26:50.895185 2017] [authz_core:error] [pid 237] [client ::1:42808] AH01630: client denied by server configuration: /var/www/html/src/
[Wed Jun 21 02:26:50.897460 2017] [authz_core:error] [pid 237] [client ::1:42808] AH01630: client denied by server configuration: /var/www/html/app/
[Wed Jun 21 02:31:51.038396 2017] [authz_core:error] [pid 1080] [client ::1:42938] AH01630: client denied by server configuration: /var/www/html/src/
[Wed Jun 21 02:31:51.040546 2017] [authz_core:error] [pid 1080] [client ::1:42938] AH01630: client denied by server configuration: /var/www/html/app/
[Wed Jun 21 02:36:51.190045 2017] [authz_core:error] [pid 236] [client ::1:43058] AH01630: client denied by server configuration: /var/www/html/src/
[Wed Jun 21 02:36:51.192193 2017] [authz_core:error] [pid 236] [client ::1:43058] AH01630: client denied by server configuration: /var/www/html/app/
[Wed Jun 21 02:41:51.336270 2017] [authz_core:error] [pid 234] [client ::1:43176] AH01630: client denied by server configuration: /var/www/html/src/
[Wed Jun 21 02:41:51.338499 2017] [authz_core:error] [pid 234] [client ::1:43176] AH01630: client denied by server configuration: /var/www/html/app/
[Wed Jun 21 02:46:51.488251 2017] [authz_core:error] [pid 235] [client ::1:43294] AH01630: client denied by server configuration: /var/www/html/src/
[Wed Jun 21 02:46:51.490490 2017] [authz_core:error] [pid 235] [client ::1:43294] AH01630: client denied by server configuration: /var/www/html/app/
[Wed Jun 21 02:51:51.635399 2017] [authz_core:error] [pid 237] [client ::1:43414] AH01630: client denied by server configuration: /var/www/html/src/
[Wed Jun 21 02:51:51.637600 2017] [authz_core:error] [pid 237] [client ::1:43414] AH01630: client denied by server configuration: /var/www/html/app/
[Wed Jun 21 02:56:51.780309 2017] [authz_core:error] [pid 233] [client ::1:43532] AH01630: client denied by server configuration: /var/www/html/src/
[Wed Jun 21 02:56:51.782569 2017] [authz_core:error] [pid 233] [client ::1:43532] AH01630: client denied by server configuration: /var/www/html/app/
[Wed Jun 21 03:01:51.926542 2017] [authz_core:error] [pid 1080] [client ::1:43652] AH01630: client denied by server configuration: /var/www/html/src/
[Wed Jun 21 03:01:51.928701 2017] [authz_core:error] [pid 1080] [client ::1:43652] AH01630: client denied by server configuration: /var/www/html/app/
[Wed Jun 21 03:06:52.073058 2017] [authz_core:error] [pid 236] [client ::1:43866] AH01630: client denied by server configuration: /var/www/html/src/
[Wed Jun 21 03:06:52.075279 2017] [authz_core:error] [pid 236] [client ::1:43866] AH01630: client denied by server configuration: /var/www/html/app/
[Wed Jun 21 03:11:52.223552 2017] [authz_core:error] [pid 234] [client ::1:43984] AH01630: client denied by server configuration: /var/www/html/src/
[Wed Jun 21 03:11:52.225808 2017] [authz_core:error] [pid 234] [client ::1:43984] AH01630: client denied by server configuration: /var/www/html/app/
[Wed Jun 21 03:16:52.489184 2017] [authz_core:error] [pid 235] [client ::1:44126] AH01630: client denied by server configuration: /var/www/html/src/
[Wed Jun 21 03:16:52.491513 2017] [authz_core:error] [pid 235] [client ::1:44126] AH01630: client denied by server configuration: /var/www/html/app/
[Wed Jun 21 03:21:52.655614 2017] [authz_core:error] [pid 237] [client ::1:44246] AH01630: client denied by server configuration: /var/www/html/src/
[Wed Jun 21 03:21:52.657922 2017] [authz_core:error] [pid 237] [client ::1:44246] AH01630: client denied by server configuration: /var/www/html/app/
[Wed Jun 21 03:26:52.802405 2017] [authz_core:error] [pid 233] [client ::1:44370] AH01630: client denied by server configuration: /var/www/html/src/
[Wed Jun 21 03:26:52.804552 2017] [authz_core:error] [pid 233] [client ::1:44370] AH01630: client denied by server configuration: /var/www/html/app/
[Wed Jun 21 03:31:52.958251 2017] [authz_core:error] [pid 1080] [client ::1:44494] AH01630: client denied by server configuration: /var/www/html/src/
[Wed Jun 21 03:31:52.960572 2017] [authz_core:error] [pid 1080] [client ::1:44494] AH01630: client denied by server configuration: /var/www/html/app/
[Wed Jun 21 03:36:53.220614 2017] [authz_core:error] [pid 236] [client ::1:44614] AH01630: client denied by server configuration: /var/www/html/src/
[Wed Jun 21 03:36:53.222873 2017] [authz_core:error] [pid 236] [client ::1:44614] AH01630: client denied by server configuration: /var/www/html/app/
[Wed Jun 21 03:41:53.375918 2017] [authz_core:error] [pid 234] [client ::1:44732] AH01630: client denied by server configuration: /var/www/html/src/
[Wed Jun 21 03:41:53.378256 2017] [authz_core:error] [pid 234] [client ::1:44732] AH01630: client denied by server configuration: /var/www/html/app/
[Wed Jun 21 03:46:53.526428 2017] [authz_core:error] [pid 235] [client ::1:44852] AH01630: client denied by server configuration: /var/www/html/src/
[Wed Jun 21 03:46:53.528596 2017] [authz_core:error] [pid 235] [client ::1:44852] AH01630: client denied by server configuration: /var/www/html/app/
[Wed Jun 21 03:51:53.679189 2017] [authz_core:error] [pid 237] [client ::1:44970] AH01630: client denied by server configuration: /var/www/html/src/
[Wed Jun 21 03:51:53.681388 2017] [authz_core:error] [pid 237] [client ::1:44970] AH01630: client denied by server configuration: /var/www/html/app/
[Wed Jun 21 03:56:53.821168 2017] [authz_core:error] [pid 233] [client ::1:45088] AH01630: client denied by server configuration: /var/www/html/src/
[Wed Jun 21 03:56:53.823577 2017] [authz_core:error] [pid 233] [client ::1:45088] AH01630: client denied by server configuration: /var/www/html/app/
[Wed Jun 21 04:01:54.056394 2017] [authz_core:error] [pid 1080] [client ::1:45208] AH01630: client denied by server configuration: /var/www/html/src/
[Wed Jun 21 04:01:54.058628 2017] [authz_core:error] [pid 1080] [client ::1:45208] AH01630: client denied by server configuration: /var/www/html/app/
[Wed Jun 21 04:06:54.200280 2017] [authz_core:error] [pid 236] [client ::1:45326] AH01630: client denied by server configuration: /var/www/html/src/
[Wed Jun 21 04:06:54.202708 2017] [authz_core:error] [pid 236] [client ::1:45326] AH01630: client denied by server configuration: /var/www/html/app/
[Wed Jun 21 04:11:54.346897 2017] [authz_core:error] [pid 234] [client ::1:45446] AH01630: client denied by server configuration: /var/www/html/src/
[Wed Jun 21 04:11:54.349054 2017] [authz_core:error] [pid 234] [client ::1:45446] AH01630: client denied by server configuration: /var/www/html/app/
[Wed Jun 21 04:16:54.495526 2017] [authz_core:error] [pid 237] [client ::1:45568] AH01630: client denied by server configuration: /var/www/html/src/
[Wed Jun 21 04:16:54.497743 2017] [authz_core:error] [pid 237] [client ::1:45568] AH01630: client denied by server configuration: /var/www/html/app/
[Wed Jun 21 04:21:54.655530 2017] [authz_core:error] [pid 236] [client ::1:45686] AH01630: client denied by server configuration: /var/www/html/src/
[Wed Jun 21 04:21:54.657830 2017] [authz_core:error] [pid 236] [client ::1:45686] AH01630: client denied by server configuration: /var/www/html/app/
[Wed Jun 21 04:26:54.875238 2017] [authz_core:error] [pid 235] [client ::1:45812] AH01630: client denied by server configuration: /var/www/html/src/
[Wed Jun 21 04:26:54.877475 2017] [authz_core:error] [pid 235] [client ::1:45812] AH01630: client denied by server configuration: /var/www/html/app/
[Wed Jun 21 04:31:55.025731 2017] [authz_core:error] [pid 233] [client ::1:45942] AH01630: client denied by server configuration: /var/www/html/src/
[Wed Jun 21 04:31:55.027968 2017] [authz_core:error] [pid 233] [client ::1:45942] AH01630: client denied by server configuration: /var/www/html/app/
[Wed Jun 21 04:36:55.172722 2017] [authz_core:error] [pid 237] [client ::1:46062] AH01630: client denied by server configuration: /var/www/html/src/
[Wed Jun 21 04:36:55.174969 2017] [authz_core:error] [pid 237] [client ::1:46062] AH01630: client denied by server configuration: /var/www/html/app/
[Wed Jun 21 04:41:55.318403 2017] [authz_core:error] [pid 236] [client ::1:46180] AH01630: client denied by server configuration: /var/www/html/src/
[Wed Jun 21 04:41:55.320563 2017] [authz_core:error] [pid 236] [client ::1:46180] AH01630: client denied by server configuration: /var/www/html/app/
[Wed Jun 21 04:46:55.460034 2017] [authz_core:error] [pid 235] [client ::1:46304] AH01630: client denied by server configuration: /var/www/html/src/
[Wed Jun 21 04:46:55.462269 2017] [authz_core:error] [pid 235] [client ::1:46304] AH01630: client denied by server configuration: /var/www/html/app/
[Wed Jun 21 04:51:55.603030 2017] [authz_core:error] [pid 1080] [client ::1:46426] AH01630: client denied by server configuration: /var/www/html/src/
[Wed Jun 21 04:51:55.605185 2017] [authz_core:error] [pid 1080] [client ::1:46426] AH01630: client denied by server configuration: /var/www/html/app/
[Wed Jun 21 04:56:55.750513 2017] [authz_core:error] [pid 234] [client ::1:46544] AH01630: client denied by server configuration: /var/www/html/src/
[Wed Jun 21 04:56:55.752671 2017] [authz_core:error] [pid 234] [client ::1:46544] AH01630: client denied by server configuration: /var/www/html/app/
[Wed Jun 21 05:01:55.895526 2017] [authz_core:error] [pid 233] [client ::1:46664] AH01630: client denied by server configuration: /var/www/html/src/
[Wed Jun 21 05:01:55.897748 2017] [authz_core:error] [pid 233] [client ::1:46664] AH01630: client denied by server configuration: /var/www/html/app/
[Wed Jun 21 05:06:56.043369 2017] [authz_core:error] [pid 237] [client ::1:46782] AH01630: client denied by server configuration: /var/www/html/src/
[Wed Jun 21 05:06:56.045589 2017] [authz_core:error] [pid 237] [client ::1:46782] AH01630: client denied by server configuration: /var/www/html/app/
[Wed Jun 21 05:11:56.183275 2017] [authz_core:error] [pid 236] [client ::1:46900] AH01630: client denied by server configuration: /var/www/html/src/
[Wed Jun 21 05:11:56.185464 2017] [authz_core:error] [pid 236] [client ::1:46900] AH01630: client denied by server configuration: /var/www/html/app/
[Wed Jun 21 05:16:56.327970 2017] [authz_core:error] [pid 1080] [client ::1:47024] AH01630: client denied by server configuration: /var/www/html/src/
[Wed Jun 21 05:16:56.330226 2017] [authz_core:error] [pid 1080] [client ::1:47024] AH01630: client denied by server configuration: /var/www/html/app/
[Wed Jun 21 05:21:56.474985 2017] [authz_core:error] [pid 235] [client ::1:47142] AH01630: client denied by server configuration: /var/www/html/src/
[Wed Jun 21 05:21:56.477138 2017] [authz_core:error] [pid 235] [client ::1:47142] AH01630: client denied by server configuration: /var/www/html/app/
[Wed Jun 21 05:26:56.618890 2017] [authz_core:error] [pid 234] [client ::1:47268] AH01630: client denied by server configuration: /var/www/html/src/
[Wed Jun 21 05:26:56.621047 2017] [authz_core:error] [pid 234] [client ::1:47268] AH01630: client denied by server configuration: /var/www/html/app/
[Wed Jun 21 05:31:56.774174 2017] [authz_core:error] [pid 233] [client ::1:47392] AH01630: client denied by server configuration: /var/www/html/src/
[Wed Jun 21 05:31:56.776479 2017] [authz_core:error] [pid 233] [client ::1:47392] AH01630: client denied by server configuration: /var/www/html/app/
[Wed Jun 21 05:36:56.923409 2017] [authz_core:error] [pid 234] [client ::1:47512] AH01630: client denied by server configuration: /var/www/html/src/
[Wed Jun 21 05:36:56.925689 2017] [authz_core:error] [pid 234] [client ::1:47512] AH01630: client denied by server configuration: /var/www/html/app/
[Wed Jun 21 05:41:57.071982 2017] [authz_core:error] [pid 237] [client ::1:47632] AH01630: client denied by server configuration: /var/www/html/src/
[Wed Jun 21 05:41:57.074248 2017] [authz_core:error] [pid 237] [client ::1:47632] AH01630: client denied by server configuration: /var/www/html/app/
[Wed Jun 21 05:46:57.219989 2017] [authz_core:error] [pid 1080] [client ::1:47748] AH01630: client denied by server configuration: /var/www/html/src/
[Wed Jun 21 05:46:57.222314 2017] [authz_core:error] [pid 1080] [client ::1:47748] AH01630: client denied by server configuration: /var/www/html/app/
[Wed Jun 21 05:51:57.374084 2017] [authz_core:error] [pid 234] [client ::1:47866] AH01630: client denied by server configuration: /var/www/html/src/
[Wed Jun 21 05:51:57.376267 2017] [authz_core:error] [pid 234] [client ::1:47866] AH01630: client denied by server configuration: /var/www/html/app/
[Wed Jun 21 05:56:57.517831 2017] [authz_core:error] [pid 237] [client ::1:47984] AH01630: client denied by server configuration: /var/www/html/src/
[Wed Jun 21 05:56:57.520025 2017] [authz_core:error] [pid 237] [client ::1:47984] AH01630: client denied by server configuration: /var/www/html/app/
[Wed Jun 21 06:01:57.666488 2017] [authz_core:error] [pid 236] [client ::1:48102] AH01630: client denied by server configuration: /var/www/html/src/
[Wed Jun 21 06:01:57.668668 2017] [authz_core:error] [pid 236] [client ::1:48102] AH01630: client denied by server configuration: /var/www/html/app/
[Wed Jun 21 06:06:57.814908 2017] [authz_core:error] [pid 234] [client ::1:48224] AH01630: client denied by server configuration: /var/www/html/src/
[Wed Jun 21 06:06:57.817101 2017] [authz_core:error] [pid 234] [client ::1:48224] AH01630: client denied by server configuration: /var/www/html/app/
[Wed Jun 21 06:11:57.957505 2017] [authz_core:error] [pid 237] [client ::1:48342] AH01630: client denied by server configuration: /var/www/html/src/
[Wed Jun 21 06:11:57.959719 2017] [authz_core:error] [pid 237] [client ::1:48342] AH01630: client denied by server configuration: /var/www/html/app/
[Wed Jun 21 06:16:58.106636 2017] [authz_core:error] [pid 235] [client ::1:48470] AH01630: client denied by server configuration: /var/www/html/src/
[Wed Jun 21 06:16:58.108857 2017] [authz_core:error] [pid 235] [client ::1:48470] AH01630: client denied by server configuration: /var/www/html/app/
[Wed Jun 21 06:21:58.255131 2017] [authz_core:error] [pid 233] [client ::1:48588] AH01630: client denied by server configuration: /var/www/html/src/
[Wed Jun 21 06:21:58.257391 2017] [authz_core:error] [pid 233] [client ::1:48588] AH01630: client denied by server configuration: /var/www/html/app/
[Wed Jun 21 06:26:58.415057 2017] [authz_core:error] [pid 1080] [client ::1:48722] AH01630: client denied by server configuration: /var/www/html/src/
[Wed Jun 21 06:26:58.417317 2017] [authz_core:error] [pid 1080] [client ::1:48722] AH01630: client denied by server configuration: /var/www/html/app/
[Wed Jun 21 06:31:58.564284 2017] [authz_core:error] [pid 237] [client ::1:48854] AH01630: client denied by server configuration: /var/www/html/src/
[Wed Jun 21 06:31:58.566559 2017] [authz_core:error] [pid 237] [client ::1:48854] AH01630: client denied by server configuration: /var/www/html/app/
[Wed Jun 21 06:36:58.711367 2017] [authz_core:error] [pid 236] [client ::1:48974] AH01630: client denied by server configuration: /var/www/html/src/
[Wed Jun 21 06:36:58.713652 2017] [authz_core:error] [pid 236] [client ::1:48974] AH01630: client denied by server configuration: /var/www/html/app/
[Wed Jun 21 06:41:58.860321 2017] [authz_core:error] [pid 234] [client ::1:49094] AH01630: client denied by server configuration: /var/www/html/src/
[Wed Jun 21 06:41:58.862587 2017] [authz_core:error] [pid 234] [client ::1:49094] AH01630: client denied by server configuration: /var/www/html/app/
[Wed Jun 21 06:46:59.011671 2017] [authz_core:error] [pid 235] [client ::1:49212] AH01630: client denied by server configuration: /var/www/html/src/
[Wed Jun 21 06:46:59.013926 2017] [authz_core:error] [pid 235] [client ::1:49212] AH01630: client denied by server configuration: /var/www/html/app/
[Wed Jun 21 06:51:59.164617 2017] [authz_core:error] [pid 236] [client ::1:49330] AH01630: client denied by server configuration: /var/www/html/src/
[Wed Jun 21 06:51:59.166880 2017] [authz_core:error] [pid 236] [client ::1:49330] AH01630: client denied by server configuration: /var/www/html/app/
[Wed Jun 21 06:56:59.306665 2017] [authz_core:error] [pid 233] [client ::1:49450] AH01630: client denied by server configuration: /var/www/html/src/
[Wed Jun 21 06:56:59.308851 2017] [authz_core:error] [pid 233] [client ::1:49450] AH01630: client denied by server configuration: /var/www/html/app/
[Wed Jun 21 07:01:59.451435 2017] [authz_core:error] [pid 237] [client ::1:49568] AH01630: client denied by server configuration: /var/www/html/src/
[Wed Jun 21 07:01:59.453663 2017] [authz_core:error] [pid 237] [client ::1:49568] AH01630: client denied by server configuration: /var/www/html/app/
[Wed Jun 21 07:06:59.606682 2017] [authz_core:error] [pid 1080] [client ::1:49692] AH01630: client denied by server configuration: /var/www/html/src/
[Wed Jun 21 07:06:59.608968 2017] [authz_core:error] [pid 1080] [client ::1:49692] AH01630: client denied by server configuration: /var/www/html/app/
[Wed Jun 21 07:11:59.853736 2017] [authz_core:error] [pid 234] [client ::1:49812] AH01630: client denied by server configuration: /var/www/html/src/
[Wed Jun 21 07:11:59.855934 2017] [authz_core:error] [pid 234] [client ::1:49812] AH01630: client denied by server configuration: /var/www/html/app/
[Wed Jun 21 07:17:00.008059 2017] [authz_core:error] [pid 235] [client ::1:49936] AH01630: client denied by server configuration: /var/www/html/src/
[Wed Jun 21 07:17:00.010329 2017] [authz_core:error] [pid 235] [client ::1:49936] AH01630: client denied by server configuration: /var/www/html/app/
[Wed Jun 21 07:22:00.154438 2017] [authz_core:error] [pid 236] [client ::1:50058] AH01630: client denied by server configuration: /var/www/html/src/
[Wed Jun 21 07:22:00.156613 2017] [authz_core:error] [pid 236] [client ::1:50058] AH01630: client denied by server configuration: /var/www/html/app/
[Wed Jun 21 07:27:00.299148 2017] [authz_core:error] [pid 233] [client ::1:50182] AH01630: client denied by server configuration: /var/www/html/src/
[Wed Jun 21 07:27:00.301382 2017] [authz_core:error] [pid 233] [client ::1:50182] AH01630: client denied by server configuration: /var/www/html/app/
[Wed Jun 21 07:32:00.575054 2017] [authz_core:error] [pid 1080] [client ::1:50306] AH01630: client denied by server configuration: /var/www/html/src/
[Wed Jun 21 07:32:00.577350 2017] [authz_core:error] [pid 1080] [client ::1:50306] AH01630: client denied by server configuration: /var/www/html/app/
[Wed Jun 21 07:37:00.843741 2017] [authz_core:error] [pid 237] [client ::1:50416] AH01630: client denied by server configuration: /var/www/html/src/
[Wed Jun 21 07:37:00.845969 2017] [authz_core:error] [pid 237] [client ::1:50416] AH01630: client denied by server configuration: /var/www/html/app/
[Wed Jun 21 07:42:00.997571 2017] [authz_core:error] [pid 235] [client ::1:50528] AH01630: client denied by server configuration: /var/www/html/src/
[Wed Jun 21 07:42:00.999746 2017] [authz_core:error] [pid 235] [client ::1:50528] AH01630: client denied by server configuration: /var/www/html/app/
[Wed Jun 21 07:47:01.395889 2017] [authz_core:error] [pid 234] [client ::1:50636] AH01630: client denied by server configuration: /var/www/html/src/
[Wed Jun 21 07:47:01.398132 2017] [authz_core:error] [pid 234] [client ::1:50636] AH01630: client denied by server configuration: /var/www/html/app/
[Wed Jun 21 07:52:01.565976 2017] [authz_core:error] [pid 1080] [client ::1:50748] AH01630: client denied by server configuration: /var/www/html/src/
[Wed Jun 21 07:52:01.568183 2017] [authz_core:error] [pid 1080] [client ::1:50748] AH01630: client denied by server configuration: /var/www/html/app/
[Wed Jun 21 07:55:03.664944 2017] [mpm_prefork:notice] [pid 228] AH00163: Apache/2.4.10 (Debian) OpenSSL/1.0.1t configured -- resuming normal operations
[Wed Jun 21 07:55:03.665064 2017] [core:notice] [pid 228] AH00094: Command line: '/usr/sbin/apache2'
[Wed Jun 21 07:59:51.312126 2017] [authz_core:error] [pid 232] [client ::1:50932] AH01630: client denied by server configuration: /var/www/html/src/
[Wed Jun 21 07:59:51.314505 2017] [authz_core:error] [pid 232] [client ::1:50932] AH01630: client denied by server configuration: /var/www/html/app/
[Wed Jun 21 08:04:51.474360 2017] [authz_core:error] [pid 233] [client ::1:51050] AH01630: client denied by server configuration: /var/www/html/src/
[Wed Jun 21 08:04:51.476668 2017] [authz_core:error] [pid 233] [client ::1:51050] AH01630: client denied by server configuration: /var/www/html/app/
